<?xml version="1.0" encoding="UTF-8"?>
<!-- Generated by org.testng.reporters.JUnitXMLReporter -->
<testsuite ignored="0" hostname="DESKTOP-QAMB95T" failures="3" tests="5" name="Test1" time="38.732" errors="0" timestamp="2025-04-12T08:42:17 ICT">
  <testcase classname="testcases.Railway.LoginTest" name="TC01" time="5.963"/>
  <testcase classname="testcases.Railway.LoginTest" name="TC02" time="5.373">
    <failure type="java.lang.AssertionError" message="Welcome message is not displayed as expected expected [There was a problem with your login and/or errors exist in your form.] but found [Welcome guest!]">
      <![CDATA[java.lang.AssertionError: Welcome message is not displayed as expected expected [There was a problem with your login and/or errors exist in your form.] but found [Welcome guest!]
at testcases.Railway.LoginTest.TC02(LoginTest.java:52)
at java.base/java.util.ArrayList.forEach(ArrayList.java:1541)
... Removed 36 stack frames]]>
    </failure>
  </testcase> <!-- TC02 -->
  <testcase classname="testcases.Railway.LoginTest" name="TC03" time="8.778">
    <failure type="java.lang.AssertionError" message="Welcome message is not displayed as expected expected [There was a problem with your login and/or errors exist in your form.] but found [Welcome guest!]">
      <![CDATA[java.lang.AssertionError: Welcome message is not displayed as expected expected [There was a problem with your login and/or errors exist in your form.] but found [Welcome guest!]
at testcases.Railway.LoginTest.TC03(LoginTest.java:66)
at java.base/java.util.ArrayList.forEach(ArrayList.java:1541)
... Removed 36 stack frames]]>
    </failure>
  </testcase> <!-- TC03 -->
  <testcase classname="testcases.Railway.LoginTest" name="TC04" time="4.335"/>
  <testcase classname="testcases.Railway.LoginTest" name="TC05" time="7.587">
    <failure type="org.openqa.selenium.StaleElementReferenceException" message="stale element reference: stale element not found
  (Session info: chrome=135.0.7049.85)
For documentation on this error, please visit: https://www.selenium.dev/documentation/webdriver/troubleshooting/errors#stale-element-reference-exception
Build info: version: &amp;apos;4.25.0&amp;apos;, revision: &amp;apos;8a8aea2337&amp;apos;
System info: os.name: &amp;apos;Windows 11&amp;apos;, os.arch: &amp;apos;amd64&amp;apos;, os.version: &amp;apos;10.0&amp;apos;, java.version: &amp;apos;11.0.26&amp;apos;
Driver info: org.openqa.selenium.chrome.ChromeDriver
Command: [d1a6e571bd874c37e18f5f9908bd0425, sendKeysToElement {id=f.81B04EAA6AFFB9C69E8FFE965D1FB304.d.151D1DB290B8521E33998ECCF00FEC85.e.27, value=[Ljava.lang.CharSequence;@1c025cb}]
Capabilities {acceptInsecureCerts: false, browserName: chrome, browserVersion: 135.0.7049.85, chrome: {chromedriverVersion: 135.0.7049.84 (6c019e560019..., userDataDir: C:\Users\DELL\AppData\Local...}, fedcm:accounts: true, goog:chromeOptions: {debuggerAddress: localhost:61493}, networkConnectionEnabled: false, pageLoadStrategy: normal, platformName: windows, proxy: Proxy(), se:cdp: ws://localhost:61493/devtoo..., se:cdpVersion: 135.0.7049.85, setWindowRect: true, strictFileInteractability: false, timeouts: {implicit: 0, pageLoad: 300000, script: 30000}, unhandledPromptBehavior: dismiss and notify, webauthn:extension:credBlob: true, webauthn:extension:largeBlob: true, webauthn:extension:minPinLength: true, webauthn:extension:prf: true, webauthn:virtualAuthenticators: true}
Element: [[ChromeDriver: chrome on windows (d1a6e571bd874c37e18f5f9908bd0425)] -&amp;gt; xpath: //input[@id=&amp;apos;username&amp;apos;]]
Session ID: d1a6e571bd874c37e18f5f9908bd0425">
      <![CDATA[org.openqa.selenium.StaleElementReferenceException: stale element reference: stale element not found
  (Session info: chrome=135.0.7049.85)
For documentation on this error, please visit: https://www.selenium.dev/documentation/webdriver/troubleshooting/errors#stale-element-reference-exception
Build info: version: '4.25.0', revision: '8a8aea2337'
System info: os.name: 'Windows 11', os.arch: 'amd64', os.version: '10.0', java.version: '11.0.26'
Driver info: org.openqa.selenium.chrome.ChromeDriver
Command: [d1a6e571bd874c37e18f5f9908bd0425, sendKeysToElement {id=f.81B04EAA6AFFB9C69E8FFE965D1FB304.d.151D1DB290B8521E33998ECCF00FEC85.e.27, value=[Ljava.lang.CharSequence;@1c025cb}]
Capabilities {acceptInsecureCerts: false, browserName: chrome, browserVersion: 135.0.7049.85, chrome: {chromedriverVersion: 135.0.7049.84 (6c019e560019..., userDataDir: C:\Users\DELL\AppData\Local...}, fedcm:accounts: true, goog:chromeOptions: {debuggerAddress: localhost:61493}, networkConnectionEnabled: false, pageLoadStrategy: normal, platformName: windows, proxy: Proxy(), se:cdp: ws://localhost:61493/devtoo..., se:cdpVersion: 135.0.7049.85, setWindowRect: true, strictFileInteractability: false, timeouts: {implicit: 0, pageLoad: 300000, script: 30000}, unhandledPromptBehavior: dismiss and notify, webauthn:extension:credBlob: true, webauthn:extension:largeBlob: true, webauthn:extension:minPinLength: true, webauthn:extension:prf: true, webauthn:virtualAuthenticators: true}
Element: [[ChromeDriver: chrome on windows (d1a6e571bd874c37e18f5f9908bd0425)] -> xpath: //input[@id='username']]
Session ID: d1a6e571bd874c37e18f5f9908bd0425
at org.openqa.selenium.remote.ErrorCodec.decode(ErrorCodec.java:167)
at org.openqa.selenium.remote.codec.w3c.W3CHttpResponseCodec.decode(W3CHttpResponseCodec.java:138)
at org.openqa.selenium.remote.codec.w3c.W3CHttpResponseCodec.decode(W3CHttpResponseCodec.java:50)
at org.openqa.selenium.remote.HttpCommandExecutor.execute(HttpCommandExecutor.java:190)
at org.openqa.selenium.remote.service.DriverCommandExecutor.invokeExecute(DriverCommandExecutor.java:216)
at org.openqa.selenium.remote.service.DriverCommandExecutor.execute(DriverCommandExecutor.java:174)
at org.openqa.selenium.remote.RemoteWebDriver.execute(RemoteWebDriver.java:545)
at org.openqa.selenium.remote.RemoteWebElement.execute(RemoteWebElement.java:223)
at org.openqa.selenium.remote.RemoteWebElement.sendKeys(RemoteWebElement.java:110)
at pageObjects.Railway.LoginPage.login(LoginPage.java:28)
at testcases.Railway.LoginTest.TC05(LoginTest.java:91)
at java.base/java.util.ArrayList.forEach(ArrayList.java:1541)
... Removed 35 stack frames]]>
    </failure>
  </testcase> <!-- TC05 -->
</testsuite> <!-- Test1 -->
